\BOOKMARK [1][-]{section.1}{\376\377\000C\000o\000n\000t\000e\000x\000t\000e}{}% 1
\BOOKMARK [1][-]{section.2}{\376\377\000M\000\351\000t\000h\000o\000d\000o\000l\000o\000g\000i\000e\000\040\000d\000e\000\040\000t\000r\000a\000v\000a\000i\000l}{}% 2
\BOOKMARK [1][-]{section.3}{\376\377\000J\000e\000u\000\040\000d\000e\000\040\000d\000o\000n\000n\000\351\000e\000s}{}% 3
\BOOKMARK [2][-]{subsection.3.1}{\376\377\000P\000r\000\351\000s\000e\000n\000t\000a\000t\000i\000o\000n}{section.3}% 4
\BOOKMARK [2][-]{subsection.3.2}{\376\377\000D\000e\000s\000c\000r\000i\000p\000t\000i\000o\000n}{section.3}% 5
\BOOKMARK [3][-]{subsubsection.3.2.1}{\376\377\000S\000t\000r\000u\000c\000t\000u\000r\000e\000\040\000e\000t\000\040\000c\000o\000n\000t\000e\000n\000u}{subsection.3.2}% 6
\BOOKMARK [3][-]{subsubsection.3.2.2}{\376\377\000S\000o\000u\000r\000c\000e\000s\000\040\000d\000e\000s\000\040\000d\000o\000n\000n\000\351\000e\000s}{subsection.3.2}% 7
\BOOKMARK [3][-]{subsubsection.3.2.3}{\376\377\000I\000n\000s\000t\000r\000u\000m\000e\000n\000t\000s\000\040\000e\000t\000\040\000T\000\351\000l\000e\000s\000c\000o\000p\000e\000s}{subsection.3.2}% 8
\BOOKMARK [1][-]{section.4}{\376\377\000A\000r\000c\000h\000i\000t\000e\000c\000t\000u\000r\000e\000\040\000L\000o\000g\000i\000c\000i\000e\000l\000l\000e\000\040\000e\000t\000\040\000M\000o\000d\000\351\000l\000i\000s\000a\000t\000i\000o\000n}{}% 9
\BOOKMARK [2][-]{subsection.4.1}{\376\377\000G\000e\000s\000t\000i\000o\000n\000\040\000d\000e\000s\000\040\000D\000o\000n\000n\000\351\000e\000s}{section.4}% 10
\BOOKMARK [2][-]{subsection.4.2}{\376\377\000S\000t\000a\000n\000d\000a\000r\000d\000i\000s\000a\000t\000i\000o\000n\000\040\000\050\000B\000a\000s\000e\000M\000o\000d\000e\000l\000\051}{section.4}% 11
\BOOKMARK [2][-]{subsection.4.3}{\376\377\000L\000e\000s\000\040\000M\000o\000d\000\350\000l\000e\000s\000\040\000d\000e\000\040\000C\000l\000a\000s\000s\000i\000f\000i\000c\000a\000t\000i\000o\000n}{section.4}% 12
\BOOKMARK [2][-]{subsection.4.4}{\376\377\000O\000u\000t\000i\000l\000s\000\040\000d\000'\000A\000n\000a\000l\000y\000s\000e}{section.4}% 13
\BOOKMARK [1][-]{section.5}{\376\377\000I\000m\000p\000l\000\351\000m\000e\000n\000t\000a\000t\000i\000o\000n}{}% 14
\BOOKMARK [2][-]{subsection.5.1}{\376\377\000I\000m\000p\000o\000r\000t\000\040\000d\000u\000\040\000j\000e\000u\000\040\000d\000e\000\040\000d\000o\000n\000n\000\351\000e\000s\000\040\000e\000t\000\040\000p\000r\000\351\000t\000r\000a\000i\000t\000e\000m\000e\000n\000t}{section.5}% 15
\BOOKMARK [2][-]{subsection.5.2}{\376\377\000E\000n\000t\000r\000a\000\356\000n\000e\000m\000e\000n\000t\000\040\000e\000t\000\040\000\351\000v\000a\000l\000u\000a\000t\000i\000o\000n\000\040\000d\000e\000s\000\040\000m\000o\000d\000\350\000l\000e\000s}{section.5}% 16
\BOOKMARK [3][-]{subsubsection.5.2.1}{\376\377\000A\000r\000b\000r\000e\000\040\000d\000e\000\040\000d\000\351\000c\000i\000s\000i\000o\000n}{subsection.5.2}% 17
\BOOKMARK [3][-]{subsubsection.5.2.2}{\376\377\000S\000V\000M}{subsection.5.2}% 18
\BOOKMARK [3][-]{subsubsection.5.2.3}{\376\377\000R\000\351\000g\000r\000e\000s\000s\000i\000o\000n\000\040\000L\000o\000g\000i\000s\000t\000i\000q\000u\000e}{subsection.5.2}% 19
\BOOKMARK [3][-]{subsubsection.5.2.4}{\376\377\000B\000a\000y\000e\000s\000\040\000n\000a\000\357\000f}{subsection.5.2}% 20
\BOOKMARK [3][-]{subsubsection.5.2.5}{\376\377\000R\000\351\000s\000e\000a\000u\000\040\000d\000e\000\040\000n\000e\000u\000r\000o\000n\000e\000s}{subsection.5.2}% 21
\BOOKMARK [3][-]{subsubsection.5.2.6}{\376\377\000M\000o\000i\000n\000d\000r\000e\000s\000\040\000c\000a\000r\000r\000\351\000s}{subsection.5.2}% 22
\BOOKMARK [2][-]{subsection.5.3}{\376\377\000O\000p\000t\000i\000m\000i\000s\000a\000t\000i\000o\000n\000\040\000d\000e\000s\000\040\000H\000y\000p\000e\000r\000p\000a\000r\000a\000m\000\350\000t\000r\000e\000s}{section.5}% 23
\BOOKMARK [3][-]{subsubsection.5.3.1}{\376\377\000I\000n\000f\000r\000a\000s\000t\000r\000u\000c\000t\000u\000r\000e\000\040\000d\000'\000O\000p\000t\000i\000m\000i\000s\000a\000t\000i\000o\000n}{subsection.5.3}% 24
\BOOKMARK [3][-]{subsubsection.5.3.2}{\376\377\000M\000\351\000t\000h\000o\000d\000e\000\040\000d\000'\000O\000p\000t\000i\000m\000i\000s\000a\000t\000i\000o\000n}{subsection.5.3}% 25
\BOOKMARK [3][-]{subsubsection.5.3.3}{\376\377\000C\000o\000n\000f\000i\000g\000u\000r\000a\000t\000i\000o\000n\000\040\000e\000t\000\040\000S\000t\000r\000a\000t\000\351\000g\000i\000e\000s}{subsection.5.3}% 26
\BOOKMARK [1][-]{section.6}{\376\377\000R\000\351\000s\000u\000l\000t\000a\000t\000s\000\040\000e\000t\000\040\000C\000o\000m\000p\000a\000r\000a\000i\000s\000o\000n}{}% 27
\BOOKMARK [2][-]{subsection.6.1}{\376\377\000R\000\351\000s\000u\000l\000t\000a\000t\000s\000\040\000d\000e\000\040\000n\000o\000s\000\040\000m\000o\000d\000\350\000l\000e\000s\000\040\000d\000e\000\040\000c\000l\000a\000s\000s\000i\000f\000i\000c\000a\000t\000i\000o\000n\000s}{section.6}% 28
\BOOKMARK [3][-]{subsubsection.6.1.1}{\376\377\000A\000n\000a\000l\000y\000s\000e\000\040\000p\000a\000r\000\040\000M\000o\000d\000\350\000l\000e}{subsection.6.1}% 29
\BOOKMARK [2][-]{subsection.6.2}{\376\377\000C\000o\000m\000p\000a\000r\000a\000i\000s\000o\000n\000\040\000a\000v\000e\000c\000\040\000u\000n\000\040\000p\000r\000e\000m\000i\000e\000r\000\040\000c\000o\000n\000c\000u\000r\000r\000e\000n\000t}{section.6}% 30
\BOOKMARK [3][-]{subsubsection.6.2.1}{\376\377\000M\000\351\000t\000h\000o\000d\000o\000l\000o\000g\000i\000e\000\040\000C\000o\000m\000p\000a\000r\000\351\000e}{subsection.6.2}% 31
\BOOKMARK [3][-]{subsubsection.6.2.2}{\376\377\000C\000o\000m\000p\000a\000r\000a\000i\000s\000o\000n\000\040\000D\000i\000r\000e\000c\000t\000e\000\040\000:\000\040\000M\000o\000d\000\350\000l\000e\000s\000\040\000S\000i\000m\000i\000l\000a\000i\000r\000e\000s}{subsection.6.2}% 32
\BOOKMARK [3][-]{subsubsection.6.2.3}{\376\377\000C\000o\000m\000p\000a\000r\000a\000i\000s\000o\000n\000\040\000d\000e\000s\000\040\000A\000p\000p\000r\000o\000c\000h\000e\000s\000\040\000D\000i\000v\000e\000r\000g\000e\000n\000t\000e\000s}{subsection.6.2}% 33
\BOOKMARK [2][-]{subsection.6.3}{\376\377\000C\000o\000m\000p\000a\000r\000a\000i\000s\000o\000n\000\040\000a\000v\000e\000c\000\040\000u\000n\000\040\000s\000e\000c\000o\000n\000d\000\040\000c\000o\000n\000c\000u\000r\000r\000e\000n\000t}{section.6}% 34
\BOOKMARK [3][-]{subsubsection.6.3.1}{\376\377\000M\000\351\000t\000h\000o\000d\000o\000l\000o\000g\000i\000e\000\040\000C\000o\000m\000p\000a\000r\000\351\000e}{subsection.6.3}% 35
\BOOKMARK [3][-]{subsubsection.6.3.2}{\376\377\000C\000o\000m\000p\000a\000r\000a\000i\000s\000o\000n\000\040\000D\000i\000r\000e\000c\000t\000e\000\040\000:\000\040\000M\000o\000d\000\350\000l\000e\000s\000\040\000S\000i\000m\000i\000l\000a\000i\000r\000e\000s}{subsection.6.3}% 36
\BOOKMARK [3][-]{subsubsection.6.3.3}{\376\377\000C\000o\000m\000p\000a\000r\000a\000i\000s\000o\000n\000\040\000d\000e\000s\000\040\000S\000t\000r\000a\000t\000\351\000g\000i\000e\000s}{subsection.6.3}% 37
\BOOKMARK [1][-]{section.7}{\376\377\000C\000o\000n\000c\000l\000u\000s\000i\000o\000n\000s}{}% 38
\BOOKMARK [2][-]{subsection.7.1}{\376\377\000C\000o\000n\000c\000l\000u\000s\000i\000o\000n\000s\000\040\000T\000e\000c\000h\000n\000i\000q\000u\000e\000s}{section.7}% 39
\BOOKMARK [2][-]{subsection.7.2}{\376\377\000C\000o\000n\000c\000l\000u\000s\000i\000o\000n\000\040\000f\000i\000n\000a\000l\000e}{section.7}% 40
